<?xml version="1.0" encoding="UTF-8"?>
<coverage generated="1723837200434" clover="3.2.0">
  <project timestamp="1723837200435" name="All files">
    <metrics statements="8" coveredstatements="8" conditionals="4" coveredconditionals="4" methods="5" coveredmethods="5" elements="17" coveredelements="17" complexity="0" loc="8" ncloc="8" packages="1" files="1" classes="1"/>
    <file name="expressError.js" path="/home/matt/Springboard/surveyGenie_api/expressError.js">
      <metrics statements="8" coveredstatements="8" conditionals="4" coveredconditionals="4" methods="5" coveredmethods="5"/>
      <line num="9" count="10" type="stmt"/>
      <line num="10" count="10" type="stmt"/>
      <line num="11" count="10" type="stmt"/>
      <line num="19" count="2" type="stmt"/>
      <line num="27" count="2" type="stmt"/>
      <line num="35" count="2" type="stmt"/>
      <line num="43" count="2" type="stmt"/>
      <line num="47" count="1" type="stmt"/>
    </file>
  </project>
</coverage>
